<?xml version="1.0" encoding="UTF-8"?>
<!-- Generated by org.testng.reporters.JUnitXMLReporter -->
<testsuite ignored="0" hostname="DESKTOP-JJM95Q6" failures="0" tests="3" name="Default test" time="12.756" errors="0" timestamp="2022-03-04T08:39:02 EST">
  <testcase classname="testCases.TC_loginTest_001" name="loginTest1" time="4.097"/>
  <testcase classname="testCases.TC_loginTest_001" name="loginTest2" time="1.954"/>
  <testcase classname="testCases.TC_loginTest_001" name="loginTest3" time="2.035"/>
</testsuite> <!-- Default test -->
