<?xml version="1.0" encoding="UTF-8"?>
<!-- Generated by org.testng.reporters.JUnitXMLReporter -->
<testsuite ignored="0" hostname="DESKTOP-JJM95Q6" failures="0" tests="3" name="Test" time="13.166" errors="0" timestamp="2022-03-04T16:00:30 EST">
  <testcase classname="testCases.TC_loginTest_001" name="loginTest1" time="4.775"/>
  <testcase classname="testCases.TC_loginTest_001" name="loginTest2" time="2.338"/>
  <testcase classname="testCases.TC_loginTest_001" name="loginTest3" time="1.519"/>
</testsuite> <!-- Test -->
