<?xml version="1.0" encoding="UTF-8"?>
<testng-results ignored="0" total="3" passed="3" failed="0" skipped="0">
  <reporter-output>
  </reporter-output>
  <suite started-at="2022-03-04T16:00:16 EST" name="Suite" finished-at="2022-03-04T16:00:30 EST" duration-ms="13166">
    <groups>
    </groups>
    <test started-at="2022-03-04T16:00:16 EST" name="Test" finished-at="2022-03-04T16:00:30 EST" duration-ms="13166">
      <class name="testCases.TC_loginTest_001">
        <test-method is-config="true" signature="setup(java.lang.String)[pri:0, instance:testCases.TC_loginTest_001@38c6f217]" started-at="2022-03-04T16:00:17 EST" name="setup" finished-at="2022-03-04T16:00:19 EST" duration-ms="2840" status="PASS">
          <params>
            <param index="0">
              <value>
                <![CDATA[chrome]]>
              </value>
            </param>
          </params>
          <reporter-output>
          </reporter-output>
        </test-method> <!-- setup -->
        <test-method signature="loginTest1()[pri:0, instance:testCases.TC_loginTest_001@38c6f217]" started-at="2022-03-04T16:00:19 EST" name="loginTest1" finished-at="2022-03-04T16:00:24 EST" duration-ms="4775" status="PASS">
          <reporter-output>
          </reporter-output>
        </test-method> <!-- loginTest1 -->
        <test-method signature="loginTest2()[pri:0, instance:testCases.TC_loginTest_001@38c6f217]" started-at="2022-03-04T16:00:25 EST" name="loginTest2" finished-at="2022-03-04T16:00:27 EST" duration-ms="2338" status="PASS">
          <reporter-output>
          </reporter-output>
        </test-method> <!-- loginTest2 -->
        <test-method signature="loginTest3()[pri:0, instance:testCases.TC_loginTest_001@38c6f217]" started-at="2022-03-04T16:00:27 EST" name="loginTest3" finished-at="2022-03-04T16:00:29 EST" duration-ms="1519" status="PASS">
          <reporter-output>
          </reporter-output>
        </test-method> <!-- loginTest3 -->
        <test-method is-config="true" signature="tearDown()[pri:0, instance:testCases.TC_loginTest_001@38c6f217]" started-at="2022-03-04T16:00:29 EST" name="tearDown" finished-at="2022-03-04T16:00:30 EST" duration-ms="821" status="PASS">
          <reporter-output>
          </reporter-output>
        </test-method> <!-- tearDown -->
      </class> <!-- testCases.TC_loginTest_001 -->
    </test> <!-- Test -->
  </suite> <!-- Suite -->
</testng-results>
